xp e yp pico 1
[199. 200. 201. 202. 203. 204. 205. 206. 207. 208. 209. 210. 211. 212.
 213. 214. 215. 216. 217. 218. 219. 220. 221. 222.]
[  19.   22.   30.   29.   43.   80.  128.  454. 2027. 4936. 5975. 6004.
 5472. 4748. 2536.  644.   80.   34.   26.   30.   19.   30.   30.   25.]

Ajustes pico1
Aplitude pico 1: 34110.85194631974 (+/-) 1090.6868766082569
Centro pico 1:   209.99652928840013 (+/-) 0.0769235390196223
Sigma pico 1:    2.0834260190681677 (+/-) 0.07692354086356498

xp e yp pico 2
[282. 283. 284. 285. 286. 287. 288. 289. 290. 291. 292. 293. 294. 295.
 296. 297. 298. 299. 300. 301. 302. 303. 304. 305.]
[ 17.  15.  18.  26.  22.  30.  36.  65. 127. 132. 132. 145. 118.  91.
  54.  27.  18.  19.  15.  25.  21.  23.  25.  20.]

Ajustes pico2
Aplitude pico 2: 1041.9764685259613 (+/-) 60.45319344921328
Centro pico 2:   292.1731662065907 (+/-) 0.19567580881974608
Sigma pico 2:    2.9208023314624834 (+/-) 0.19567921483990455

xp e yp pico 3
[685. 686. 687. 688. 689. 690. 691. 692. 693. 694. 695. 696. 697. 698.
 699. 700. 701. 702. 703. 704. 705. 706. 707. 708.]
[  53.   95.  138.  179.  346.  535.  762.  965. 1158. 1402. 1559. 1688.
 1755. 1687. 1624. 1343. 1226.  967.  781.  636.  471.  301.  167.   98.]

Ajustes pico3
Aplitude pico 3: 20192.3490004446 (+/-) 178.6276341619997
Centro pico 3:   697.1233906057709 (+/-) 0.04732598136093017
Sigma pico 3:    4.653269503720055 (+/-) 0.047938369742552764

xp e yp pico 4
[714. 715. 716. 717. 718. 719. 720. 721. 722. 723. 724. 725. 726. 727.
 728. 729. 730. 731. 732. 733. 734. 735. 736. 737.]
[  64.  121.  161.  306.  453.  619.  661.  783.  843. 1003. 1106. 1152.
 1213. 1145.  962.  864.  707.  666.  546.  442.  352.  170.   96.   68.]

Ajustes pico4
Aplitude pico 4: 14866.419209210077 (+/-) 262.8219991439807
Centro pico 4:   725.4380801848394 (+/-) 0.10440691039488623
Sigma pico 4:    5.16858936645558 (+/-) 0.10760382417168413

xp e yp pico 5
[741. 742. 743. 744. 745. 746. 747. 748. 749. 750. 751. 752. 753. 754.
 755. 756. 757. 758. 759. 760. 761. 762. 763. 764.]
[  61.  107.  214.  395.  667.  839.  862.  933. 1008. 1023. 1175. 1173.
 1247. 1149. 1019.  907.  867.  749.  741.  632.  535.  300.  152.   85.]

Ajustes pico5
Aplitude pico 5: 17762.159617640995 (+/-) 544.1489902571603
Centro pico 5:   752.3984499673008 (+/-) 0.2029050118946537
Sigma pico 5:    5.900888630493667 (+/-) 0.21870462329885826

xp e yp pico 6
[860. 861. 862. 863. 864. 865. 866. 867. 868. 869. 870. 871. 872. 873.
 874. 875. 876. 877. 878. 879. 880. 881. 882. 883. 884. 885. 886. 887.
 888. 889. 890.]
[ 105.  169.  277.  426.  639.  869. 1013. 1152. 1146. 1194. 1276. 1231.
 1336. 1294. 1169. 1307. 1275. 1210. 1146. 1152. 1125. 1057.  931.  941.
  779.  600.  437.  294.  219.  184.  170.]

Ajustes pico6
Aplitude pico 6: 28011.074193262237 (+/-) 859.5554073394319
Centro pico 6:   874.1329856027485 (+/-) 0.2757270855007011
Sigma pico 6:    8.123232480519006 (+/-) 0.30692184503365094

xp e yp pico 7
[891. 892. 893. 894. 895. 896. 897. 898. 899. 900. 901. 902. 903. 904.
 905. 906. 907. 908. 909. 910. 911. 912. 913. 914.]
[149. 137. 141. 146. 155. 180. 232. 178. 163. 162. 151. 135. 127. 132.
 139.  84.  77.  63.  72.  54.  71.  59.  77.  72.]

Ajustes pico7
Aplitude pico 7: 4181.478592223253 (+/-) 402.5569185032235
Centro pico 7:   896.7540885446427 (+/-) 0.9886329418677715
Sigma pico 7:    9.859523929577053 (+/-) 1.055564952974955

xp e yp pico 8
[968. 969. 970. 971. 972. 973. 974. 975. 976. 977. 978. 979. 980. 981.
 982. 983. 984. 985. 986. 987. 988. 989. 990. 991.]
[ 65.  71.  89. 126. 157. 151. 237. 259. 317. 311. 352. 459. 447. 474.
 455. 473. 431. 394. 345. 324. 262. 254. 203. 188.]

Ajustes pico8
Aplitude pico 8: 7399.473372740894 (+/-) 139.1446968658432
Centro pico 8:   981.7447794771596 (+/-) 0.132905484091187
Sigma pico 8:    6.4444476602265155 (+/-) 0.15098593734517973

xp e yp pico 9
[ 991.  992.  993.  994.  995.  996.  997.  998.  999. 1000. 1001. 1002.
 1003. 1004. 1005. 1006. 1007. 1008. 1009. 1010. 1011. 1012. 1013. 1014.]
[188. 200. 237. 247. 296. 371. 439. 476. 539. 537. 571. 588. 563. 540.
 502. 408. 355. 269. 227. 175. 125.  98. 104. 129.]

Ajustes pico9
Aplitude pico 9: 8534.998097965563 (+/-) 175.37086064828122
Centro pico 9:   1001.2651044040595 (+/-) 0.1368103519369775
Sigma pico 9:    5.955106316125616 (+/-) 0.14895830808176524

xp e yp pico 10
[1012. 1013. 1014. 1015. 1016. 1017. 1018. 1019. 1020. 1021. 1022. 1023.
 1024. 1025. 1026. 1027. 1028. 1029. 1030. 1031. 1032. 1033. 1034. 1035.]
[ 98. 104. 129. 109. 136. 150. 159. 199. 186. 192. 183. 173. 158. 152.
 135. 121.  97.  78.  67.  68.  50.  49.  27.  30.]

Ajustes pico10
Aplitude pico 10: 3196.863264503233 (+/-) 78.5647211799316
Centro pico 10:   1020.6291422863459 (+/-) 0.184724118706965
Sigma pico 10:    6.9772327837231725 (+/-) 0.21614608097913654

xp e yp pico 11
[1103. 1104. 1105. 1106. 1107. 1108. 1109. 1110. 1111. 1112. 1113. 1114.
 1115. 1116. 1117. 1118. 1119. 1120. 1121. 1122. 1123. 1124. 1125. 1126.]
[ 502.  881. 1360. 1726. 2144. 2641. 3190. 3849. 4674. 5701. 6701. 6893.
 6662. 5417. 4604. 3746. 3000. 2459. 2144. 1830. 1690. 1245.  954.  819.]

Ajustes pico11
Aplitude pico 11: 73826.0931697407 (+/-) 2369.7184169091456
Centro pico 11:   1113.9872956938998 (+/-) 0.17567146688838822
Sigma pico 11:    4.7648999639919625 (+/-) 0.17843768608214128

xp e yp pico 12
[1127. 1128. 1129. 1130. 1131. 1132. 1133. 1134. 1135. 1136. 1137.]
[ 750.  838. 1078. 1533. 2144. 2445. 1815. 1272.  965.  683.  675.]

Ajustes pico12
Aplitude pico 12: 14673.950425067054 (+/-) 988.5099777796286
Centro pico 12:   1131.7562407449034 (+/-) 0.20973534921734677
Sigma pico 12:    2.790991825388496 (+/-) 0.22932237655578797

xp e yp pico 13
[1138. 1139. 1140. 1141. 1142. 1143. 1144. 1145. 1146. 1147. 1148. 1149.
 1150. 1151. 1152. 1153. 1154. 1155. 1156. 1157. 1158. 1159. 1160. 1161.]
[  774.   917.  1009.  1015.   951.   967.  1124.  1799.  3235.  6791.
 13607. 22996. 21549. 12380.  5781.  2662.  1432.   904.   759.   708.
   661.   618.   465.   279.]

Ajustes pico13
Aplitude pico 13: 88556.29847720254 (+/-) 2790.817284917048
Centro pico 13:   1149.4130697449787 (+/-) 0.05654232769235201
Sigma pico 13:    1.5537985031020243 (+/-) 0.0565423304228097

xp e yp pico 14
[1163. 1164. 1165. 1166. 1167. 1168. 1169. 1170. 1171. 1172. 1173.]
[148. 158. 219. 318. 336. 203. 124.  92.  78.  70.  58.]

Ajustes pico14
Aplitude pico 14: 1830.5573802814263 (+/-) 173.48628791640314
Centro pico 14:   1166.3547121112244 (+/-) 0.26391117082798965
Sigma pico 14:    2.4972694663081523 (+/-) 0.2907756869048132

xp e yp pico 15
[1275. 1276. 1277. 1278. 1279. 1280. 1281. 1282. 1283. 1284. 1285.]
[ 51.  46.  63. 107. 155. 161. 119.  75.  43.  38.  43.]

Ajustes pico15
Aplitude pico 15: 887.4102780661058 (+/-) 71.80455604804548
Centro pico 15:   1279.6120579787892 (+/-) 0.2225683911406725
Sigma pico 15:    2.413049637189301 (+/-) 0.2309346097438896

xp e yp pico 16
[1302. 1303. 1304. 1305. 1306. 1307. 1308. 1309. 1310. 1311. 1312. 1313.
 1314. 1315. 1316. 1317.]
[ 88.  94. 127. 144. 157. 201. 241. 248. 225. 264. 249. 190. 192. 185.
 165. 171.]

Ajustes pico16
Aplitude pico 16: 3625.813738193788 (+/-) 170.26310515307566
Centro pico 16:   1310.7971411053518 (+/-) 0.26303500549488346
Sigma pico 16:    5.960241065365385 (+/-) 0.362610552629976

xp e yp pico 17
[1318. 1319. 1320. 1321. 1322. 1323. 1324. 1325. 1326. 1327. 1328. 1329.
 1330. 1331. 1332. 1333.]
[193. 209. 296. 345. 402. 437. 474. 436. 466. 425. 359. 325. 307. 185.
 170. 144.]

Ajustes pico17
Aplitude pico 17: 5831.507161133639 (+/-) 128.68205873306547
Centro pico 17:   1324.8460923344521 (+/-) 0.11457681822766363
Sigma pico 17:    5.022226821858539 (+/-) 0.1427447925321822

xp e yp pico 18
[1398. 1399. 1400. 1401. 1402. 1403. 1404. 1405. 1406. 1407. 1408. 1409.
 1410. 1411. 1412. 1413. 1414. 1415. 1416. 1417. 1418. 1419. 1420. 1421.]
[  50.   77.  161.  343.  504.  700.  777.  960. 1017. 1179. 1185. 1296.
 1389. 1486. 1535. 1501. 1292. 1228. 1146. 1105.  973.  880.  812.  805.]

Ajustes pico18
Aplitude pico 18: 25088.368758537184 (+/-) 663.784032547978
Centro pico 18:   1412.054418382581 (+/-) 0.19583309478941596
Sigma pico 18:    6.847377751176324 (+/-) 0.22812323774670912

xp e yp pico 19
[1420. 1421. 1422. 1423. 1424. 1425. 1426. 1427. 1428. 1429. 1430. 1431.
 1432. 1433. 1434. 1435.]
[ 812.  805. 1100. 1524. 2357. 3509. 3911. 3271. 1927. 1130.  548.  266.
  130.  106.   73.   63.]

Ajustes pico19
Aplitude pico 19: 20497.836753075957 (+/-) 977.4773887154358
Centro pico 19:   1425.7192606264057 (+/-) 0.1229144617567282
Sigma pico 19:    2.2337731471893094 (+/-) 0.12317486817786254

xp e yp pico 20
[1576. 1577. 1578. 1579. 1580. 1581. 1582. 1583. 1584. 1585. 1586. 1587.
 1588. 1589. 1590. 1591.]
[ 77. 101. 122. 211. 358. 517. 690. 815. 855. 779. 555. 457. 273. 220.
 183. 153.]

Ajustes pico20
Aplitude pico 20: 6261.941571510561 (+/-) 203.82195914409306
Centro pico 20:   1583.8046767902533 (+/-) 0.1146423027495959
Sigma pico 20:    3.060863800814875 (+/-) 0.1158279658921322

xp e yp pico 21
[1592. 1593. 1594. 1595. 1596. 1597. 1598. 1599. 1600. 1601. 1602.]
[167. 164. 187. 269. 267. 265. 173. 135. 117. 108.  85.]

Ajustes pico21
Aplitude pico 21: 2271.757303655746 (+/-) 189.28263790130043
Centro pico 21:   1595.7571095086103 (+/-) 0.3123373452797664
Sigma pico 21:    3.657106674315432 (+/-) 0.3893046691028776

xp e yp pico 22
[1646. 1647. 1648. 1649. 1650. 1651. 1652. 1653. 1654. 1655. 1656. 1657.
 1658. 1659. 1660. 1661. 1662. 1663. 1664. 1665. 1666. 1667. 1668. 1669.]
[  256.   365.   459.   508.   572.   681.   972.  1625.  3040.  6266.
 11937. 12584.  6562.  2817.  1295.   791.   632.   567.   498.   418.
   343.   297.   296.   229.]

Ajustes pico22
Aplitude pico 22: 44911.53095681097 (+/-) 1663.4371392170149
Centro pico 22:   1656.5239271561134 (+/-) 0.06061394342432769
Sigma pico 22:    1.4172710642463513 (+/-) 0.06061405416088409

xp e yp pico 23
[1799. 1800. 1801. 1802. 1803. 1804. 1805. 1806. 1807. 1808. 1809.]
[ 99. 222. 414. 562. 737. 867. 899. 859. 775. 662. 653.]

Ajustes pico23
Aplitude pico 23: 7993.6319501877015 (+/-) 341.5451589636995
Centro pico 23:   1805.5138808532759 (+/-) 0.1584473889325417
Sigma pico 23:    3.524978392756243 (+/-) 0.19019214955478175

xp e yp pico 24
[1809. 1810. 1811. 1812. 1813. 1814. 1815. 1816. 1817. 1818. 1819. 1820.
 1821. 1822. 1823. 1824.]
[  653.   955.  2973.  7263. 11221. 13053. 13547. 13307. 13146. 12099.
 10373.  5945.  1952.   461.   297.   313.]

Ajustes pico24
Aplitude pico 24: 111213.06501230982 (+/-) 4753.952745450314
Centro pico 24:   1815.8104268054835 (+/-) 0.14690882560181398
Sigma pico 24:    2.9867642365111 (+/-) 0.14844872161066738

xp e yp pico 25
[1823. 1824. 1825. 1826. 1827. 1828. 1829. 1830. 1831. 1832. 1833.]
[297. 313. 358. 335. 361. 340. 291. 231. 160.  63.  41.]

Ajustes pico25
Aplitude pico 25: 3490.189025718658 (+/-) 193.56489398576514
Centro pico 25:   1826.0091548916853 (+/-) 0.21910726997664165
Sigma pico 25:    3.72954027937782 (+/-) 0.2531581080925122

xp e yp pico 26
[1987. 1988. 1989. 1990. 1991. 1992. 1993. 1994. 1995. 1996. 1997.]
[ 33.  25.  28.  48.  83. 104.  69.  47.  31.  28.  24.]

Ajustes pico26
Aplitude pico 26: 509.6271821075118 (+/-) 54.39101911518843
Centro pico 26:   1991.9298846214044 (+/-) 0.29640113631195886
Sigma pico 26:    2.4356814898131773 (+/-) 0.30724464919602046

xp e yp pico 27
[1998. 1999. 2000. 2001. 2002. 2003. 2004. 2005. 2006. 2007. 2008.]
[ 26.  43.  50. 172. 187. 104.  52.  39.  29.  28.  34.]

Ajustes pico27
Aplitude pico 27: 632.8129432480717 (+/-) 73.05927795033422
Centro pico 27:   2001.7647527610154 (+/-) 0.18453274522017324
Sigma pico 27:    1.3843605601241296 (+/-) 0.18459631883036412

xp e yp pico 28
[2007. 2008. 2009. 2010. 2011. 2012. 2013. 2014. 2015. 2016. 2017.]
[ 28.  34.  52. 113. 477. 653. 315.  72.  47.  25.  25.]

Ajustes pico28
Aplitude pico 28: 1651.9757792834139 (+/-) 68.2498906724228
Centro pico 28:   2011.810693872419 (+/-) 0.04761935894399477
Sigma pico 28:    0.9970162590632212 (+/-) 0.04745203499132635

