
Ajustes picos:
Numero de picos: 5

Pico de m/q experimental = 1.01924
Area:      347.6507445627896
Amplitude: 6529.81793287854 (+/-) 2.1788073186972596
Centro:    1.0193980067399424 (+/-) 0.00015371861359781276
Sigma:     0.021239884803898816 (+/-) 0.00015369052151245694


Pico de m/q experimental = 2.04066
Area:      14.992007843121478
Amplitude: 142.2431922552187 (+/-) 3.6413364652897315
Centro:    2.029010285177972 (+/-) 0.011793720846281086
Sigma:     0.04204733025486797 (+/-) 0.011792328470311225


Pico de m/q experimental = 12.0249
Area:      707.0139108558313
Amplitude: 1730.6514763434166 (+/-) 11.188340516208589
Centro:    12.02992373254007 (+/-) 0.002977826871648665
Sigma:     0.16297762250449893 (+/-) 0.002978544155352628


Pico de m/q experimental = 13.0615
Area:      535.6233509157307
Amplitude: 1155.5619276342873 (+/-) 12.208895235724535
Centro:    13.040414371354512 (+/-) 0.004857167075289508
Sigma:     0.18491670672486543 (+/-) 0.00488409193273381


Pico de m/q experimental = 14.0651
Area:      663.0987594682767
Amplitude: 1209.8124638513361 (+/-) 13.519036554302964
Centro:    14.044423938710084 (+/-) 0.005136617547810636
Sigma:     0.21866039480035865 (+/-) 0.005168365867453065

Area total: 2268.37877364575

Pico de m/q experimental = 1.01924
Area relativa: 15.32595652021746

Pico de m/q experimental = 2.04066
Area relativa: 0.6609128959105118

Pico de m/q experimental = 12.0249
Area relativa: 31.168247519770038

Pico de m/q experimental = 13.0615
Area relativa: 23.612606375031195

Pico de m/q experimental = 14.0651
Area relativa: 29.232276689070808

