xp e yp pico 
[1.03583e-04 2.31802e-04 4.10975e-04 6.41102e-04 9.22182e-04 1.25422e-03
 1.63720e-03 2.07115e-03 2.55604e-03 3.09189e-03 3.67869e-03 4.31645e-03
 5.00516e-03 5.74483e-03 6.53544e-03 7.37702e-03 8.26954e-03 9.21302e-03
 1.02075e-02 1.12528e-02 1.23492e-02 1.34965e-02 1.46947e-02 1.59439e-02
 1.72441e-02 1.85952e-02 1.99973e-02 2.14503e-02 2.29542e-02 2.45092e-02
 2.61151e-02 2.77719e-02 2.94797e-02 3.12384e-02 3.30481e-02 3.49088e-02
 3.68204e-02 3.87829e-02 4.07964e-02 4.28609e-02 4.49763e-02 4.71427e-02
 4.93600e-02 5.16283e-02 5.39475e-02 5.63177e-02 5.87388e-02 6.12109e-02
 6.37340e-02 6.63080e-02 6.89329e-02 7.16088e-02 7.43357e-02 7.71135e-02
 7.99423e-02 8.28220e-02 8.57527e-02 8.87343e-02 9.17669e-02 9.48504e-02
 9.79849e-02 1.01170e-01 1.04407e-01 1.07694e-01 1.11032e-01 1.14422e-01
 1.17862e-01 1.21353e-01 1.24895e-01 1.28488e-01 1.32132e-01 1.35827e-01
 1.39573e-01 1.43370e-01 1.47218e-01 1.51117e-01 1.55067e-01 1.59067e-01
 1.63119e-01 1.67222e-01 1.71375e-01 1.75580e-01 1.79835e-01 1.84142e-01
 1.88499e-01 1.92907e-01 1.97367e-01 2.01877e-01 2.06438e-01 2.11050e-01
 2.15713e-01 2.20427e-01 2.25192e-01 2.30008e-01 2.34875e-01 2.39793e-01
 2.44762e-01 2.49782e-01 2.54852e-01 2.59974e-01 2.65147e-01 2.70370e-01
 2.75645e-01 2.80970e-01 2.86347e-01 2.91774e-01 2.97253e-01 3.02782e-01
 3.08362e-01 3.13993e-01 3.19676e-01 3.25409e-01 3.31193e-01 3.37028e-01
 3.42914e-01 3.48851e-01 3.54839e-01 3.60878e-01 3.66967e-01 3.73108e-01
 3.79300e-01 3.85543e-01 3.91836e-01 3.98181e-01 4.04576e-01 4.11023e-01
 4.17520e-01 4.24069e-01 4.30668e-01 4.37318e-01 4.44020e-01 4.50772e-01
 4.57575e-01 4.64429e-01 4.71334e-01 4.78290e-01 4.85297e-01 4.92355e-01
 4.99464e-01 5.06624e-01 5.13835e-01 5.21096e-01 5.28409e-01 5.35773e-01
 5.43187e-01 5.50653e-01 5.58169e-01 5.65737e-01 5.73355e-01 5.81025e-01
 5.88745e-01 5.96516e-01 6.04339e-01 6.12212e-01 6.20136e-01 6.28111e-01
 6.36137e-01 6.44214e-01 6.52342e-01 6.60521e-01 6.68751e-01 6.77032e-01
 6.85363e-01 6.93746e-01 7.02180e-01 7.10664e-01 7.19200e-01 7.27787e-01
 7.36424e-01 7.45113e-01 7.53852e-01 7.62642e-01 7.71484e-01 7.80376e-01
 7.89319e-01 7.98313e-01 8.07358e-01 8.16455e-01 8.25602e-01 8.34800e-01
 8.44049e-01 8.53348e-01 8.62699e-01 8.72101e-01 8.81554e-01 8.91058e-01
 9.00612e-01 9.10218e-01 9.19874e-01 9.29582e-01 9.39340e-01 9.49150e-01
 9.59010e-01 9.68922e-01 9.78884e-01 9.88897e-01 9.98961e-01 1.00908e+00
 1.01924e+00 1.02946e+00 1.03973e+00 1.05005e+00 1.06042e+00 1.07084e+00
 1.08131e+00 1.09183e+00 1.10241e+00 1.11303e+00 1.12371e+00 1.13443e+00
 1.14521e+00 1.15604e+00 1.16692e+00 1.17785e+00 1.18883e+00 1.19986e+00
 1.21095e+00 1.22208e+00 1.23327e+00 1.24450e+00 1.25579e+00 1.26713e+00
 1.27852e+00 1.28996e+00 1.30145e+00 1.31299e+00 1.32458e+00 1.33622e+00
 1.34792e+00 1.35967e+00 1.37146e+00 1.38331e+00 1.39521e+00 1.40716e+00
 1.41916e+00 1.43121e+00 1.44331e+00 1.45547e+00 1.46767e+00 1.47992e+00
 1.49223e+00 1.50459e+00 1.51700e+00 1.52946e+00 1.54197e+00 1.55453e+00
 1.56714e+00 1.57980e+00 1.59251e+00 1.60528e+00 1.61810e+00 1.63096e+00
 1.64388e+00 1.65685e+00 1.66987e+00]
[   0.    0.    0.    0.   72.   78.   46.   55.   50.   30.   37.   28.
   23.   25.   27.   29.   31.   31.   28.   38.   24.   28.   49.   41.
   39.   44.   38.   40.   25.   34.   42.   36.   28.   24.   33.   39.
   36.   37.   43.   26.   38.   34.   36.   31.   42.   30.   35.   26.
   23.   29.   29.   23.   30.   31.   27.   26.   21.   37.   19.   23.
   19.   27.   28.   16.   24.   23.   28.   20.   25.   31.   36.   38.
   39.   36.   38.   39.   40.   51.   33.   41.   36.   24.   39.   29.
   25.   17.   31.   23.   34.   20.   24.   22.   23.   24.   25.   21.
   28.   17.   31.   16.   25.   19.   17.   19.   16.   25.   12.   20.
   19.   17.   21.   21.   13.   22.   15.   23.   24.   20.   15.   24.
   11.   21.   18.   14.   17.   24.   26.   19.   10.   17.   11.   19.
   24.   12.   16.   14.   14.   12.   18.   20.   17.   29.   15.   20.
   13.   15.   22.   13.   17.   15.   19.   21.   21.   15.   19.   15.
   15.   20.   26.   25.   24.   45.   44.   33.   33.   35.   46.   34.
   34.   31.   22.   30.   21.   27.   22.   20.   29.   24.   30.   17.
   20.   18.   18.   20.   16.   15.   15.   19.   22.   30.   29.   43.
   80.  128.  454. 2027. 4936. 5975. 6004. 5472. 4748. 2536.  644.   80.
   34.   26.   30.   19.   30.   30.   25.   20.   18.   19.   32.   23.
   21.   22.   16.   19.   24.   15.   24.   18.   23.   21.   22.   25.
   21.   21.   25.   20.   25.   20.   20.   25.   28.   27.   20.   16.
   23.   20.   26.   31.   18.   24.   19.   15.   31.   18.   20.   28.
   12.   16.   24.]

Ajustes pico
Amplitude pico : -347.65077793301975 (+/-) 3.3592353571453764
Centro pico :   1.0193980057753504 (+/-) 0.00023699974512735955
Sigma pico :    -0.021239888932277406 (+/-) 0.0002369564270275083

